<?xml version="1.0" encoding="UTF-8"?>
<!-- Generated by org.testng.reporters.JUnitReportReporter -->
<testsuite hostname="PRINHYLTPHP0388" name="tests.SearchCountry" tests="1" failures="0" timestamp="12 Dec 2014 03:34:09 GMT" time="51.677" errors="0">
  <testcase name="testSearchCountry" time="51.677" classname="tests.SearchCountry"/>
</testsuite> <!-- tests.SearchCountry -->
