<?xml version="1.0" encoding="UTF-8"?>
<!-- Generated by org.testng.reporters.JUnitReportReporter -->
<testsuite hostname="PRINHYLTPHP0388" name="tests.google" tests="1" failures="0" timestamp="16 Sep 2014 02:42:17 GMT" time="5.047" errors="0">
  <testcase name="test" time="5.047" classname="tests.google"/>
</testsuite> <!-- tests.google -->
